<?xml version="1.0" encoding="UTF-8"?>
<testsuite name="org.autotest.Ejercicio3" tests="1" skipped="0" failures="0" errors="0" timestamp="2025-03-26T22:18:54" hostname="IARA" time="0.019">
  <properties/>
  <testcase name="test001()" classname="org.autotest.Ejercicio3" time="0.019"/>
  <system-out><![CDATA[]]></system-out>
  <system-err><![CDATA[]]></system-err>
</testsuite>
