<?xml version="1.0" encoding="UTF-8"?>
<testsuite name="org.autotest.RegressionTest23" tests="35" skipped="0" failures="0" errors="0" timestamp="2025-03-26T22:18:55" hostname="IARA" time="0.012">
  <properties/>
  <testcase name="test1151()" classname="org.autotest.RegressionTest23" time="0.0"/>
  <testcase name="test1152()" classname="org.autotest.RegressionTest23" time="0.0"/>
  <testcase name="test1153()" classname="org.autotest.RegressionTest23" time="0.0"/>
  <testcase name="test1154()" classname="org.autotest.RegressionTest23" time="0.0"/>
  <testcase name="test1155()" classname="org.autotest.RegressionTest23" time="0.0"/>
  <testcase name="test1156()" classname="org.autotest.RegressionTest23" time="0.001"/>
  <testcase name="test1157()" classname="org.autotest.RegressionTest23" time="0.0"/>
  <testcase name="test1158()" classname="org.autotest.RegressionTest23" time="0.0"/>
  <testcase name="test1159()" classname="org.autotest.RegressionTest23" time="0.0"/>
  <testcase name="test1160()" classname="org.autotest.RegressionTest23" time="0.0"/>
  <testcase name="test1161()" classname="org.autotest.RegressionTest23" time="0.001"/>
  <testcase name="test1162()" classname="org.autotest.RegressionTest23" time="0.0"/>
  <testcase name="test1163()" classname="org.autotest.RegressionTest23" time="0.0"/>
  <testcase name="test1164()" classname="org.autotest.RegressionTest23" time="0.0"/>
  <testcase name="test1165()" classname="org.autotest.RegressionTest23" time="0.001"/>
  <testcase name="test1166()" classname="org.autotest.RegressionTest23" time="0.001"/>
  <testcase name="test1167()" classname="org.autotest.RegressionTest23" time="0.0"/>
  <testcase name="test1168()" classname="org.autotest.RegressionTest23" time="0.0"/>
  <testcase name="test1169()" classname="org.autotest.RegressionTest23" time="0.0"/>
  <testcase name="test1170()" classname="org.autotest.RegressionTest23" time="0.0"/>
  <testcase name="test1171()" classname="org.autotest.RegressionTest23" time="0.0"/>
  <testcase name="test1172()" classname="org.autotest.RegressionTest23" time="0.001"/>
  <testcase name="test1173()" classname="org.autotest.RegressionTest23" time="0.0"/>
  <testcase name="test1174()" classname="org.autotest.RegressionTest23" time="0.0"/>
  <testcase name="test1175()" classname="org.autotest.RegressionTest23" time="0.001"/>
  <testcase name="test1176()" classname="org.autotest.RegressionTest23" time="0.0"/>
  <testcase name="test1177()" classname="org.autotest.RegressionTest23" time="0.0"/>
  <testcase name="test1178()" classname="org.autotest.RegressionTest23" time="0.0"/>
  <testcase name="test1179()" classname="org.autotest.RegressionTest23" time="0.0"/>
  <testcase name="test1180()" classname="org.autotest.RegressionTest23" time="0.001"/>
  <testcase name="test1181()" classname="org.autotest.RegressionTest23" time="0.0"/>
  <testcase name="test1182()" classname="org.autotest.RegressionTest23" time="0.001"/>
  <testcase name="test1183()" classname="org.autotest.RegressionTest23" time="0.0"/>
  <testcase name="test1184()" classname="org.autotest.RegressionTest23" time="0.001"/>
  <testcase name="test1185()" classname="org.autotest.RegressionTest23" time="0.0"/>
  <system-out><![CDATA[]]></system-out>
  <system-err><![CDATA[]]></system-err>
</testsuite>
