<?xml version="1.0" encoding="UTF-8"?>
<testsuite name="org.autotest.StackTests2" tests="1" skipped="0" failures="0" errors="0" timestamp="2025-04-03T05:54:50" hostname="IARA" time="1.416">
  <properties/>
  <testcase name="run()" classname="org.autotest.StackTests2" time="1.416"/>
  <system-out><![CDATA[-> Corriendo tests de StackTests2 para la clase: StackAr (Stack original)
-> Corriendo tests de StackTests2 para la clase: StackArMutated9471 (NegateConditionsMutator: Se reemplazó == por != en la línea 74.)
-> Corriendo tests de StackTests2 para la clase: StackArMutated9872 (ConditionalsBoundaryMutator: Se reemplazó > por >= en la línea 91.)
   [X] Falló el test testToStringMethod en la línea 55
-> Corriendo tests de StackTests2 para la clase: StackArMutated9796 (EmptyReturnsMutator: Se reemplazó b.toString() por "" en la línea 99.)
   [X] Falló el test testToStringMethod en la línea 53
-> Corriendo tests de StackTests2 para la clase: StackArMutated9038 (NegateConditionsMutator: Se reemplazó > por <= en la línea 91.)
   [X] Falló el test testToStringMethod en la línea 55
-> Corriendo tests de StackTests2 para la clase: StackArMutated1344 (MinusOneConstantMutator: Se reemplazó 0 por -1 en la línea 91.)
   [X] Falló el test testToStringMethod en la línea 55
-> Corriendo tests de StackTests2 para la clase: StackArMutated2796 (ZeroConstantMutator: Se reemplazó 31 por 0 en la línea 63.)
-> Corriendo tests de StackTests2 para la clase: StackArMutated7969 (MathMutator: Se reemplazó + por - en la línea 66.)
-> Corriendo tests de StackTests2 para la clase: StackArMutated9835 (TrueConditionalsMutator: Se reemplazó isFull() por true en la línea 37.)
   [X] Falló el test testToStringMethod en la línea 54
-> Corriendo tests de StackTests2 para la clase: StackArMutated1110 (OneConstantMutator: Se reemplazó 0 por 1 en la línea 91.)
   [X] Falló el test testToStringMethod en la línea 57
-> Corriendo tests de StackTests2 para la clase: StackArMutated3059 (MinusOneConstantMutator: Se reemplazó 0 por -1 en la línea 18.)
   [X] Falló el test testConstructorWithNegativeCapacity en la línea 28
-> Corriendo tests de StackTests2 para la clase: StackArMutated8345 (IncrementsMutator: Se reemplazó ++ por -- en la línea 40.)
   [X] Falló el test testToStringMethod en la línea 54
-> Corriendo tests de StackTests2 para la clase: StackArMutated2042 (FalseReturnsMutator: Se reemplazó size() == elems.length por false en la línea 33.)
   [X] Falló el test testIsFullMethod en la línea 46
-> Corriendo tests de StackTests2 para la clase: StackArMutated4463 (TrueConditionalsMutator: Se reemplazó obj == null por true en la línea 74.)
-> Corriendo tests de StackTests2 para la clase: StackArMutated1031 (MathMutator: Se reemplazó + por - en la línea 25.)
   [X] Falló el test testIsFullMethod en la línea 46
-> Corriendo tests de StackTests2 para la clase: StackArMutated1273 (ZeroConstantMutator: Se reemplazó 1 por 0 en la línea 64.)
-> Corriendo tests de StackTests2 para la clase: StackArMutated7177 (NullReturnsMutator: Se reemplazó b.toString() por null en la línea 99.)
   [X] Falló el test testToStringMethod en la línea 53
-> Corriendo tests de StackTests2 para la clase: StackArMutated8387 (FalseConditionalsMutator: Se reemplazó isEmpty() por false en la línea 54.)
-> Corriendo tests de StackTests2 para la clase: StackArMutated4060 (MathMutator: Se reemplazó * por / en la línea 66.)
-> Corriendo tests de StackTests2 para la clase: StackArMutated7252 (NegateConditionsMutator: Se reemplazó == por != en la línea 29.)
   [X] Falló el test testIsFullMethod en la línea 47
-> Corriendo tests de StackTests2 para la clase: StackArMutated7294 (FalseConditionalsMutator: Se reemplazó getClass() != obj.getClass() por false en la línea 76.)
-> Corriendo tests de StackTests2 para la clase: StackArMutated21 (OneConstantMutator: Se reemplazó 10 por 1 en la línea 7.)
-> Corriendo tests de StackTests2 para la clase: StackArMutated9283 (TrueConditionalsMutator: Se reemplazó getClass() != obj.getClass() por true en la línea 76.)
-> Corriendo tests de StackTests2 para la clase: StackArMutated2969 (FalseReturnsMutator: Se reemplazó true por false en la línea 83.)
-> Corriendo tests de StackTests2 para la clase: StackArMutated9446 (TrueReturnsMutator: Se reemplazó false por true en la línea 82.)
-> Corriendo tests de StackTests2 para la clase: StackArMutated7779 (MathMutator: Se reemplazó * por / en la línea 65.)
-> Corriendo tests de StackTests2 para la clase: StackArMutated4597 (OneConstantMutator: Se reemplazó 31 por 1 en la línea 63.)
-> Corriendo tests de StackTests2 para la clase: StackArMutated1001 (TrueConditionalsMutator: Se reemplazó capacity < 0 por true en la línea 18.)
   [X] Falló el test testToStringMethod en la línea 52
-> Corriendo tests de StackTests2 para la clase: StackArMutated1485 (FalseConditionalsMutator: Se reemplazó isEmpty() por false en la línea 45.)
-> Corriendo tests de StackTests2 para la clase: StackArMutated5047 (NegateConditionsMutator: Se reemplazó < por >= en la línea 18.)
   [X] Falló el test testToStringMethod en la línea 52
-> Corriendo tests de StackTests2 para la clase: StackArMutated7149 (FalseConditionalsMutator: Se reemplazó !java.util.Arrays.equals(elems, other.elems) por false en la línea 79.)
-> Corriendo tests de StackTests2 para la clase: StackArMutated5246 (MinusOneConstantMutator: Se reemplazó 31 por -1 en la línea 63.)
-> Corriendo tests de StackTests2 para la clase: StackArMutated3462 (TrueConditionalsMutator: Se reemplazó !java.util.Arrays.equals(elems, other.elems) por true en la línea 79.)
-> Corriendo tests de StackTests2 para la clase: StackArMutated7024 (NegateConditionsMutator: Se reemplazó == por != en la línea 33.)
   [X] Falló el test testToStringMethod en la línea 54
-> Corriendo tests de StackTests2 para la clase: StackArMutated2175 (TrueReturnsMutator: Se reemplazó false por true en la línea 77.)
-> Corriendo tests de StackTests2 para la clase: StackArMutated8112 (MinusOneConstantMutator: Se reemplazó 10 por -1 en la línea 7.)
   [X] Falló el test testIsEmptyMethod en la línea 34
-> Corriendo tests de StackTests2 para la clase: StackArMutated425 (ZeroConstantMutator: Se reemplazó 1 por 0 en la línea 11.)
   [X] Falló el test testToStringMethod en la línea 53
-> Corriendo tests de StackTests2 para la clase: StackArMutated1606 (NegateConditionsMutator: Se reemplazó != por == en la línea 76.)
-> Corriendo tests de StackTests2 para la clase: StackArMutated6819 (NullReturnsMutator: Se reemplazó rv por null en la línea 58.)
-> Corriendo tests de StackTests2 para la clase: StackArMutated1843 (TrueConditionalsMutator: Se reemplazó i > 0 por true en la línea 91.)
   [X] Falló el test testToStringMethod en la línea 55
-> Corriendo tests de StackTests2 para la clase: StackArMutated5849 (IncrementsMutator: Se reemplazó -- por ++ en la línea 49.)
   [X] Falló el test testIsEmptyMethod en la línea 39
-> Corriendo tests de StackTests2 para la clase: StackArMutated5649 (OneConstantMutator: Se reemplazó 0 por 1 en la línea 90.)
   [X] Falló el test testToStringMethod en la línea 55
-> Corriendo tests de StackTests2 para la clase: StackArMutated3429 (FalseConditionalsMutator: Se reemplazó isFull() por false en la línea 37.)
-> Corriendo tests de StackTests2 para la clase: StackArMutated3902 (TrueReturnsMutator: Se reemplazó false por true en la línea 80.)
-> Corriendo tests de StackTests2 para la clase: StackArMutated5405 (FalseConditionalsMutator: Se reemplazó readIndex != other.readIndex por false en la línea 81.)
-> Corriendo tests de StackTests2 para la clase: StackArMutated2137 (FalseReturnsMutator: Se reemplazó true por false en la línea 73.)
-> Corriendo tests de StackTests2 para la clase: StackArMutated9615 (FalseConditionalsMutator: Se reemplazó i > 0 por false en la línea 91.)
   [X] Falló el test testToStringMethod en la línea 57
-> Corriendo tests de StackTests2 para la clase: StackArMutated2462 (FalseConditionalsMutator: Se reemplazó obj == null por false en la línea 74.)
-> Corriendo tests de StackTests2 para la clase: StackArMutated8207 (MinusOneConstantMutator: Se reemplazó 1 por -1 en la línea 25.)
   [X] Falló el test testIsFullMethod en la línea 46
-> Corriendo tests de StackTests2 para la clase: StackArMutated6268 (MinusOneConstantMutator: Se reemplazó 1 por -1 en la línea 64.)
-> Corriendo tests de StackTests2 para la clase: StackArMutated6225 (MathMutator: Se reemplazó + por - en la línea 65.)
-> Corriendo tests de StackTests2 para la clase: StackArMutated7951 (IncrementsMutator: Se reemplazó ++ por -- en la línea 90.)
   [X] Falló el test testToStringMethod en la línea 55
-> Corriendo tests de StackTests2 para la clase: StackArMutated6420 (TrueReturnsMutator: Se reemplazó size() == elems.length por true en la línea 33.)
   [X] Falló el test testToStringMethod en la línea 54
-> Corriendo tests de StackTests2 para la clase: StackArMutated6223 (ZeroConstantMutator: Se reemplazó 1 por 0 en la línea 25.)
   [X] Falló el test testIsFullMethod en la línea 46
-> Corriendo tests de StackTests2 para la clase: StackArMutated7112 (TrueConditionalsMutator: Se reemplazó this == obj por true en la línea 72.)
-> Corriendo tests de StackTests2 para la clase: StackArMutated8520 (OneConstantMutator: Se reemplazó -1 por 1 en la línea 11.)
   [X] Falló el test testToStringMethod en la línea 53
-> Corriendo tests de StackTests2 para la clase: StackArMutated5290 (FalseConditionalsMutator: Se reemplazó capacity < 0 por false en la línea 18.)
   [X] Falló el test testConstructorWithNegativeCapacity en la línea 28
-> Corriendo tests de StackTests2 para la clase: StackArMutated9380 (FalseReturnsMutator: Se reemplazó size() == 0 por false en la línea 29.)
   [X] Falló el test testIsEmptyMethod en la línea 35
-> Corriendo tests de StackTests2 para la clase: StackArMutated2708 (EmptyReturnsMutator: Se reemplazó result por 0 en la línea 67.)
-> Corriendo tests de StackTests2 para la clase: StackArMutated2987 (NegateConditionsMutator: Se reemplazó != por == en la línea 81.)
-> Corriendo tests de StackTests2 para la clase: StackArMutated3439 (TrueReturnsMutator: Se reemplazó false por true en la línea 75.)
-> Corriendo tests de StackTests2 para la clase: StackArMutated9302 (ConditionalsBoundaryMutator: Se reemplazó < por <= en la línea 18.)
-> Corriendo tests de StackTests2 para la clase: StackArMutated5419 (TrueConditionalsMutator: Se reemplazó isEmpty() por true en la línea 54.)
   [X] Falló el test testIsFullMethod en la línea 47
-> Corriendo tests de StackTests2 para la clase: StackArMutated7716 (MinusOneConstantMutator: Se reemplazó 0 por -1 en la línea 29.)
   [X] Falló el test testIsEmptyMethod en la línea 35
-> Corriendo tests de StackTests2 para la clase: StackArMutated4526 (ZeroConstantMutator: Se reemplazó 10 por 0 en la línea 7.)
   [X] Falló el test testIsEmptyMethod en la línea 36
-> Corriendo tests de StackTests2 para la clase: StackArMutated3117 (FalseConditionalsMutator: Se reemplazó this == obj por false en la línea 72.)
-> Corriendo tests de StackTests2 para la clase: StackArMutated2077 (TrueReturnsMutator: Se reemplazó size() == 0 por true en la línea 29.)
   [X] Falló el test testIsFullMethod en la línea 47
-> Corriendo tests de StackTests2 para la clase: StackArMutated566 (MinusOneConstantMutator: Se reemplazó 0 por -1 en la línea 90.)
   [X] Falló el test testToStringMethod en la línea 53
-> Corriendo tests de StackTests2 para la clase: StackArMutated7767 (NullReturnsMutator: Se reemplazó rv por null en la línea 50.)
-> Corriendo tests de StackTests2 para la clase: StackArMutated8658 (OneConstantMutator: Se reemplazó 0 por 1 en la línea 29.)
   [X] Falló el test testIsFullMethod en la línea 47
-> Corriendo tests de StackTests2 para la clase: StackArMutated1860 (OneConstantMutator: Se reemplazó 0 por 1 en la línea 18.)
-> Corriendo tests de StackTests2 para la clase: StackArMutated563 (ConditionalsBoundaryMutator: Se reemplazó <= por < en la línea 90.)
   [X] Falló el test testToStringMethod en la línea 55
-> Corriendo tests de StackTests2 para la clase: StackArMutated8578 (NegateConditionsMutator: Se reemplazó <= por > en la línea 90.)
   [X] Falló el test testToStringMethod en la línea 53
-> Corriendo tests de StackTests2 para la clase: StackArMutated8650 (TrueConditionalsMutator: Se reemplazó isEmpty() por true en la línea 45.)
   [X] Falló el test testIsFullMethod en la línea 47
-> Corriendo tests de StackTests2 para la clase: StackArMutated8892 (NegateConditionsMutator: Se reemplazó == por != en la línea 72.)
-> Corriendo tests de StackTests2 para la clase: StackArMutated4052 (TrueConditionalsMutator: Se reemplazó readIndex != other.readIndex por true en la línea 81.)
-> Mutantes generados: 75
-> Mutantes eliminados: 37
    - StackArMutated5419 (TrueConditionalsMutator: Se reemplazó isEmpty() por true en la línea 54.)
    - StackArMutated4526 (ZeroConstantMutator: Se reemplazó 10 por 0 en la línea 7.)
    - StackArMutated7716 (MinusOneConstantMutator: Se reemplazó 0 por -1 en la línea 29.)
    - StackArMutated9615 (FalseConditionalsMutator: Se reemplazó i > 0 por false en la línea 91.)
    - StackArMutated8207 (MinusOneConstantMutator: Se reemplazó 1 por -1 en la línea 25.)
    - StackArMutated6420 (TrueReturnsMutator: Se reemplazó size() == elems.length por true en la línea 33.)
    - StackArMutated7951 (IncrementsMutator: Se reemplazó ++ por -- en la línea 90.)
    - StackArMutated8520 (OneConstantMutator: Se reemplazó -1 por 1 en la línea 11.)
    - StackArMutated6223 (ZeroConstantMutator: Se reemplazó 1 por 0 en la línea 25.)
    - StackArMutated8650 (TrueConditionalsMutator: Se reemplazó isEmpty() por true en la línea 45.)
    - StackArMutated9380 (FalseReturnsMutator: Se reemplazó size() == 0 por false en la línea 29.)
    - StackArMutated1843 (TrueConditionalsMutator: Se reemplazó i > 0 por true en la línea 91.)
    - StackArMutated5849 (IncrementsMutator: Se reemplazó -- por ++ en la línea 49.)
    - StackArMutated5649 (OneConstantMutator: Se reemplazó 0 por 1 en la línea 90.)
    - StackArMutated566 (MinusOneConstantMutator: Se reemplazó 0 por -1 en la línea 90.)
    - StackArMutated7024 (NegateConditionsMutator: Se reemplazó == por != en la línea 33.)
    - StackArMutated1001 (TrueConditionalsMutator: Se reemplazó capacity < 0 por true en la línea 18.)
    - StackArMutated5047 (NegateConditionsMutator: Se reemplazó < por >= en la línea 18.)
    - StackArMutated563 (ConditionalsBoundaryMutator: Se reemplazó <= por < en la línea 90.)
    - StackArMutated5290 (FalseConditionalsMutator: Se reemplazó capacity < 0 por false en la línea 18.)
    - StackArMutated9835 (TrueConditionalsMutator: Se reemplazó isFull() por true en la línea 37.)
    - StackArMutated1031 (MathMutator: Se reemplazó + por - en la línea 25.)
    - StackArMutated2042 (FalseReturnsMutator: Se reemplazó size() == elems.length por false en la línea 33.)
    - StackArMutated3059 (MinusOneConstantMutator: Se reemplazó 0 por -1 en la línea 18.)
    - StackArMutated9796 (EmptyReturnsMutator: Se reemplazó b.toString() por "" en la línea 99.)
    - StackArMutated1110 (OneConstantMutator: Se reemplazó 0 por 1 en la línea 91.)
    - StackArMutated9038 (NegateConditionsMutator: Se reemplazó > por <= en la línea 91.)
    - StackArMutated8345 (IncrementsMutator: Se reemplazó ++ por -- en la línea 40.)
    - StackArMutated8112 (MinusOneConstantMutator: Se reemplazó 10 por -1 en la línea 7.)
    - StackArMutated2077 (TrueReturnsMutator: Se reemplazó size() == 0 por true en la línea 29.)
    - StackArMutated8658 (OneConstantMutator: Se reemplazó 0 por 1 en la línea 29.)
    - StackArMutated1344 (MinusOneConstantMutator: Se reemplazó 0 por -1 en la línea 91.)
    - StackArMutated8578 (NegateConditionsMutator: Se reemplazó <= por > en la línea 90.)
    - StackArMutated425 (ZeroConstantMutator: Se reemplazó 1 por 0 en la línea 11.)
    - StackArMutated7252 (NegateConditionsMutator: Se reemplazó == por != en la línea 29.)
    - StackArMutated9872 (ConditionalsBoundaryMutator: Se reemplazó > por >= en la línea 91.)
    - StackArMutated7177 (NullReturnsMutator: Se reemplazó b.toString() por null en la línea 99.)
-> Mutantes vivos: 38
    - StackArMutated2987 (NegateConditionsMutator: Se reemplazó != por == en la línea 81.)
    - StackArMutated3117 (FalseConditionalsMutator: Se reemplazó this == obj por false en la línea 72.)
    - StackArMutated3439 (TrueReturnsMutator: Se reemplazó false por true en la línea 75.)
    - StackArMutated2462 (FalseConditionalsMutator: Se reemplazó obj == null por false en la línea 74.)
    - StackArMutated6225 (MathMutator: Se reemplazó + por - en la línea 65.)
    - StackArMutated7112 (TrueConditionalsMutator: Se reemplazó this == obj por true en la línea 72.)
    - StackArMutated6268 (MinusOneConstantMutator: Se reemplazó 1 por -1 en la línea 64.)
    - StackArMutated8892 (NegateConditionsMutator: Se reemplazó == por != en la línea 72.)
    - StackArMutated4052 (TrueConditionalsMutator: Se reemplazó readIndex != other.readIndex por true en la línea 81.)
    - StackArMutated2708 (EmptyReturnsMutator: Se reemplazó result por 0 en la línea 67.)
    - StackArMutated6819 (NullReturnsMutator: Se reemplazó rv por null en la línea 58.)
    - StackArMutated2137 (FalseReturnsMutator: Se reemplazó true por false en la línea 73.)
    - StackArMutated5405 (FalseConditionalsMutator: Se reemplazó readIndex != other.readIndex por false en la línea 81.)
    - StackArMutated3429 (FalseConditionalsMutator: Se reemplazó isFull() por false en la línea 37.)
    - StackArMutated3902 (TrueReturnsMutator: Se reemplazó false por true en la línea 80.)
    - StackArMutated4597 (OneConstantMutator: Se reemplazó 31 por 1 en la línea 63.)
    - StackArMutated5246 (MinusOneConstantMutator: Se reemplazó 31 por -1 en la línea 63.)
    - StackArMutated7149 (FalseConditionalsMutator: Se reemplazó !java.util.Arrays.equals(elems, other.elems) por false en la línea 79.)
    - StackArMutated3462 (TrueConditionalsMutator: Se reemplazó !java.util.Arrays.equals(elems, other.elems) por true en la línea 79.)
    - StackArMutated2175 (TrueReturnsMutator: Se reemplazó false por true en la línea 77.)
    - StackArMutated9446 (TrueReturnsMutator: Se reemplazó false por true en la línea 82.)
    - StackArMutated1485 (FalseConditionalsMutator: Se reemplazó isEmpty() por false en la línea 45.)
    - StackArMutated1606 (NegateConditionsMutator: Se reemplazó != por == en la línea 76.)
    - StackArMutated21 (OneConstantMutator: Se reemplazó 10 por 1 en la línea 7.)
    - StackArMutated2969 (FalseReturnsMutator: Se reemplazó true por false en la línea 83.)
    - StackArMutated1273 (ZeroConstantMutator: Se reemplazó 1 por 0 en la línea 64.)
    - StackArMutated7779 (MathMutator: Se reemplazó * por / en la línea 65.)
    - StackArMutated4463 (TrueConditionalsMutator: Se reemplazó obj == null por true en la línea 74.)
    - StackArMutated9283 (TrueConditionalsMutator: Se reemplazó getClass() != obj.getClass() por true en la línea 76.)
    - StackArMutated7969 (MathMutator: Se reemplazó + por - en la línea 66.)
    - StackArMutated7767 (NullReturnsMutator: Se reemplazó rv por null en la línea 50.)
    - StackArMutated2796 (ZeroConstantMutator: Se reemplazó 31 por 0 en la línea 63.)
    - StackArMutated1860 (OneConstantMutator: Se reemplazó 0 por 1 en la línea 18.)
    - StackArMutated9302 (ConditionalsBoundaryMutator: Se reemplazó < por <= en la línea 18.)
    - StackArMutated8387 (FalseConditionalsMutator: Se reemplazó isEmpty() por false en la línea 54.)
    - StackArMutated9471 (NegateConditionsMutator: Se reemplazó == por != en la línea 74.)
    - StackArMutated7294 (FalseConditionalsMutator: Se reemplazó getClass() != obj.getClass() por false en la línea 76.)
    - StackArMutated4060 (MathMutator: Se reemplazó * por / en la línea 66.)
-> Mutation score: 49%
]]></system-out>
  <system-err><![CDATA[[Test worker] INFO org.reflections.Reflections - Reflections took 348 ms to scan 1 urls, producing 1 keys and 75 values
]]></system-err>
</testsuite>
