<?xml version="1.0" encoding="UTF-8"?>
<testsuite name="org.autotest.StackTests3" tests="1" skipped="0" failures="0" errors="0" timestamp="2025-04-03T06:37:33" hostname="IARA" time="0.428">
  <properties/>
  <testcase name="run()" classname="org.autotest.StackTests3" time="0.428"/>
  <system-out><![CDATA[-> Corriendo tests de StackTests3 para la clase: StackAr (Stack original)
-> Corriendo tests de StackTests3 para la clase: StackArMutated9034 (IncrementsMutator: Se reemplazó ++ por -- en la línea 90.)
   [X] Falló el test testToStringMethod en la línea 58
-> Corriendo tests de StackTests3 para la clase: StackArMutated7809 (FalseReturnsMutator: Se reemplazó true por false en la línea 83.)
   [X] Falló el test testEqualsToAnother en la línea 104
-> Corriendo tests de StackTests3 para la clase: StackArMutated3802 (FalseConditionalsMutator: Se reemplazó readIndex != other.readIndex por false en la línea 81.)
   [X] Falló el test testAVerQuePasaSiSeHacePushNull en la línea 170
-> Corriendo tests de StackTests3 para la clase: StackArMutated5508 (MinusOneConstantMutator: Se reemplazó 10 por -1 en la línea 7.)
   [X] Falló el test testIsEmptyMethod en la línea 37
-> Corriendo tests de StackTests3 para la clase: StackArMutated1901 (NullReturnsMutator: Se reemplazó rv por null en la línea 50.)
   [X] Falló el test testPopReturnPushedElement en la línea 118
-> Corriendo tests de StackTests3 para la clase: StackArMutated3803 (MinusOneConstantMutator: Se reemplazó 0 por -1 en la línea 18.)
   [X] Falló el test testConstructorWithNegativeCapacity en la línea 31
-> Corriendo tests de StackTests3 para la clase: StackArMutated1146 (MinusOneConstantMutator: Se reemplazó 0 por -1 en la línea 90.)
   [X] Falló el test testToStringMethod en la línea 56
-> Corriendo tests de StackTests3 para la clase: StackArMutated4535 (NegateConditionsMutator: Se reemplazó == por != en la línea 29.)
   [X] Falló el test testIsFullMethod en la línea 50
-> Corriendo tests de StackTests3 para la clase: StackArMutated6318 (ZeroConstantMutator: Se reemplazó 1 por 0 en la línea 25.)
   [X] Falló el test testIsFullMethod en la línea 49
-> Corriendo tests de StackTests3 para la clase: StackArMutated7726 (ZeroConstantMutator: Se reemplazó 31 por 0 en la línea 63.)
   [X] Falló el test testHashCode en la línea 125
-> Corriendo tests de StackTests3 para la clase: StackArMutated1423 (TrueReturnsMutator: Se reemplazó false por true en la línea 80.)
   [X] Falló el test testNotEqualsToAnotherWithDifferentsElements en la línea 112
-> Corriendo tests de StackTests3 para la clase: StackArMutated9879 (MinusOneConstantMutator: Se reemplazó 1 por -1 en la línea 64.)
   [X] Falló el test testHashCode en la línea 125
-> Corriendo tests de StackTests3 para la clase: StackArMutated4420 (NegateConditionsMutator: Se reemplazó == por != en la línea 74.)
   [X] Falló el test testDifferentToNull en la línea 79
-> Corriendo tests de StackTests3 para la clase: StackArMutated553 (ZeroConstantMutator: Se reemplazó 1 por 0 en la línea 11.)
   [X] Falló el test testHashCode en la línea 125
-> Corriendo tests de StackTests3 para la clase: StackArMutated6048 (TrueReturnsMutator: Se reemplazó size() == elems.length por true en la línea 33.)
   [X] Falló el test testToStringMethod en la línea 57
-> Corriendo tests de StackTests3 para la clase: StackArMutated6840 (ZeroConstantMutator: Se reemplazó 10 por 0 en la línea 7.)
   [X] Falló el test testIsEmptyMethod en la línea 39
-> Corriendo tests de StackTests3 para la clase: StackArMutated2084 (FalseConditionalsMutator: Se reemplazó this == obj por false en la línea 72.)
-> Corriendo tests de StackTests3 para la clase: StackArMutated8302 (TrueConditionalsMutator: Se reemplazó isFull() por true en la línea 37.)
   [X] Falló el test testToStringMethod en la línea 57
-> Corriendo tests de StackTests3 para la clase: StackArMutated7572 (NegateConditionsMutator: Se reemplazó > por <= en la línea 91.)
   [X] Falló el test testToStringMethod en la línea 58
-> Corriendo tests de StackTests3 para la clase: StackArMutated8187 (OneConstantMutator: Se reemplazó 0 por 1 en la línea 90.)
   [X] Falló el test testToStringMethod en la línea 58
-> Corriendo tests de StackTests3 para la clase: StackArMutated7491 (NegateConditionsMutator: Se reemplazó != por == en la línea 81.)
   [X] Falló el test testAVerQuePasaSiSeHacePushNull en la línea 170
-> Corriendo tests de StackTests3 para la clase: StackArMutated9162 (TrueConditionalsMutator: Se reemplazó readIndex != other.readIndex por true en la línea 81.)
   [X] Falló el test testEqualsToAnother en la línea 104
-> Corriendo tests de StackTests3 para la clase: StackArMutated5919 (ZeroConstantMutator: Se reemplazó 1 por 0 en la línea 64.)
   [X] Falló el test testHashCode en la línea 125
-> Corriendo tests de StackTests3 para la clase: StackArMutated3739 (FalseConditionalsMutator: Se reemplazó !java.util.Arrays.equals(elems, other.elems) por false en la línea 79.)
   [X] Falló el test testNotEqualsToAnotherWithDifferentsElements en la línea 112
-> Corriendo tests de StackTests3 para la clase: StackArMutated9121 (EmptyReturnsMutator: Se reemplazó readIndex + 1 por 0 en la línea 25.)
   [X] Falló el test testIsFullMethod en la línea 49
-> Corriendo tests de StackTests3 para la clase: StackArMutated9441 (ConditionalsBoundaryMutator: Se reemplazó > por >= en la línea 91.)
   [X] Falló el test testToStringMethod en la línea 58
-> Corriendo tests de StackTests3 para la clase: StackArMutated2921 (FalseConditionalsMutator: Se reemplazó isFull() por false en la línea 37.)
   [X] Falló el test testRaiseExceptionWhenPushToFullStack en la línea 148
-> Corriendo tests de StackTests3 para la clase: StackArMutated4626 (MinusOneConstantMutator: Se reemplazó 1 por -1 en la línea 25.)
   [X] Falló el test testIsFullMethod en la línea 49
-> Corriendo tests de StackTests3 para la clase: StackArMutated7937 (IncrementsMutator: Se reemplazó ++ por -- en la línea 40.)
   [X] Falló el test testToStringMethod en la línea 57
-> Corriendo tests de StackTests3 para la clase: StackArMutated2246 (FalseConditionalsMutator: Se reemplazó capacity < 0 por false en la línea 18.)
   [X] Falló el test testConstructorWithNegativeCapacity en la línea 31
-> Corriendo tests de StackTests3 para la clase: StackArMutated4469 (TrueReturnsMutator: Se reemplazó false por true en la línea 75.)
   [X] Falló el test testDifferentToNull en la línea 79
-> Corriendo tests de StackTests3 para la clase: StackArMutated1037 (NegateConditionsMutator: Se reemplazó <= por > en la línea 90.)
   [X] Falló el test testToStringMethod en la línea 56
-> Corriendo tests de StackTests3 para la clase: StackArMutated1357 (FalseConditionalsMutator: Se reemplazó isEmpty() por false en la línea 45.)
-> Corriendo tests de StackTests3 para la clase: StackArMutated4625 (MathMutator: Se reemplazó * por / en la línea 65.)
-> Corriendo tests de StackTests3 para la clase: StackArMutated4624 (TrueReturnsMutator: Se reemplazó size() == 0 por true en la línea 29.)
   [X] Falló el test testIsFullMethod en la línea 50
-> Corriendo tests de StackTests3 para la clase: StackArMutated6733 (ConditionalsBoundaryMutator: Se reemplazó <= por < en la línea 90.)
   [X] Falló el test testToStringMethod en la línea 58
-> Corriendo tests de StackTests3 para la clase: StackArMutated9518 (TrueReturnsMutator: Se reemplazó false por true en la línea 77.)
   [X] Falló el test testDifferentToAnotherClass en la línea 85
-> Corriendo tests de StackTests3 para la clase: StackArMutated5641 (OneConstantMutator: Se reemplazó -1 por 1 en la línea 11.)
   [X] Falló el test testHashCode en la línea 125
-> Corriendo tests de StackTests3 para la clase: StackArMutated7467 (ConditionalsBoundaryMutator: Se reemplazó < por <= en la línea 18.)
   [X] Falló el test testRaiseExceptionWhenPushToFullStack en la línea 148
-> Corriendo tests de StackTests3 para la clase: StackArMutated6451 (NegateConditionsMutator: Se reemplazó < por >= en la línea 18.)
   [X] Falló el test testHashCode en la línea 122
-> Corriendo tests de StackTests3 para la clase: StackArMutated7266 (NegateConditionsMutator: Se reemplazó != por == en la línea 76.)
   [X] Falló el test testDifferentToAnotherClass en la línea 85
-> Corriendo tests de StackTests3 para la clase: StackArMutated7181 (FalseReturnsMutator: Se reemplazó size() == 0 por false en la línea 29.)
   [X] Falló el test testIsEmptyMethod en la línea 38
-> Corriendo tests de StackTests3 para la clase: StackArMutated8080 (FalseReturnsMutator: Se reemplazó true por false en la línea 73.)
   [X] Falló el test testEqualsItself en la línea 134
-> Corriendo tests de StackTests3 para la clase: StackArMutated729 (OneConstantMutator: Se reemplazó 0 por 1 en la línea 29.)
   [X] Falló el test testIsFullMethod en la línea 50
-> Corriendo tests de StackTests3 para la clase: StackArMutated1964 (MinusOneConstantMutator: Se reemplazó 0 por -1 en la línea 29.)
   [X] Falló el test testIsEmptyMethod en la línea 38
-> Corriendo tests de StackTests3 para la clase: StackArMutated9136 (NullReturnsMutator: Se reemplazó rv por null en la línea 58.)
   [X] Falló el test testPopReturnPushedElement en la línea 118
-> Corriendo tests de StackTests3 para la clase: StackArMutated3947 (EmptyReturnsMutator: Se reemplazó b.toString() por "" en la línea 99.)
   [X] Falló el test testToStringMethod en la línea 56
-> Corriendo tests de StackTests3 para la clase: StackArMutated1322 (OneConstantMutator: Se reemplazó 0 por 1 en la línea 18.)
   [X] Falló el test testRaiseExceptionWhenPushToFullStack en la línea 148
-> Corriendo tests de StackTests3 para la clase: StackArMutated5964 (TrueConditionalsMutator: Se reemplazó !java.util.Arrays.equals(elems, other.elems) por true en la línea 79.)
   [X] Falló el test testEqualsToAnother en la línea 104
-> Corriendo tests de StackTests3 para la clase: StackArMutated7504 (OneConstantMutator: Se reemplazó 0 por 1 en la línea 91.)
   [X] Falló el test testToStringMethod en la línea 60
-> Corriendo tests de StackTests3 para la clase: StackArMutated1890 (MathMutator: Se reemplazó + por - en la línea 25.)
   [X] Falló el test testIsFullMethod en la línea 49
-> Corriendo tests de StackTests3 para la clase: StackArMutated2143 (FalseConditionalsMutator: Se reemplazó isEmpty() por false en la línea 54.)
   [X] Falló el test testRaiseExceptionTopEmptyStack en la línea 139
-> Corriendo tests de StackTests3 para la clase: StackArMutated654 (MathMutator: Se reemplazó + por - en la línea 65.)
   [X] Falló el test testHashCode en la línea 125
-> Corriendo tests de StackTests3 para la clase: StackArMutated7910 (FalseConditionalsMutator: Se reemplazó obj == null por false en la línea 74.)
   [X] Falló el test testDifferentToNull en la línea 79
-> Corriendo tests de StackTests3 para la clase: StackArMutated8405 (FalseConditionalsMutator: Se reemplazó i > 0 por false en la línea 91.)
   [X] Falló el test testToStringMethod en la línea 60
-> Corriendo tests de StackTests3 para la clase: StackArMutated8206 (NullReturnsMutator: Se reemplazó b.toString() por null en la línea 99.)
   [X] Falló el test testToStringMethod en la línea 56
-> Corriendo tests de StackTests3 para la clase: StackArMutated1496 (MinusOneConstantMutator: Se reemplazó 31 por -1 en la línea 63.)
   [X] Falló el test testHashCode en la línea 125
-> Corriendo tests de StackTests3 para la clase: StackArMutated5256 (TrueConditionalsMutator: Se reemplazó isEmpty() por true en la línea 45.)
   [X] Falló el test testIsFullMethod en la línea 50
-> Corriendo tests de StackTests3 para la clase: StackArMutated8402 (MinusOneConstantMutator: Se reemplazó 0 por -1 en la línea 91.)
   [X] Falló el test testToStringMethod en la línea 58
-> Corriendo tests de StackTests3 para la clase: StackArMutated4164 (TrueConditionalsMutator: Se reemplazó capacity < 0 por true en la línea 18.)
   [X] Falló el test testHashCode en la línea 122
-> Corriendo tests de StackTests3 para la clase: StackArMutated5210 (TrueConditionalsMutator: Se reemplazó obj == null por true en la línea 74.)
   [X] Falló el test testEqualsToAnother en la línea 104
-> Corriendo tests de StackTests3 para la clase: StackArMutated650 (NegateConditionsMutator: Se reemplazó == por != en la línea 72.)
   [X] Falló el test testNotEqualsToAnotherWithDifferentsElements en la línea 112
-> Corriendo tests de StackTests3 para la clase: StackArMutated5570 (FalseConditionalsMutator: Se reemplazó getClass() != obj.getClass() por false en la línea 76.)
   [X] Falló el test testDifferentToAnotherClass en la línea 85
-> Corriendo tests de StackTests3 para la clase: StackArMutated8362 (TrueConditionalsMutator: Se reemplazó getClass() != obj.getClass() por true en la línea 76.)
   [X] Falló el test testEqualsToAnother en la línea 104
-> Corriendo tests de StackTests3 para la clase: StackArMutated4480 (MathMutator: Se reemplazó * por / en la línea 66.)
   [X] Falló el test testHashCode en la línea 125
-> Corriendo tests de StackTests3 para la clase: StackArMutated898 (FalseReturnsMutator: Se reemplazó size() == elems.length por false en la línea 33.)
   [X] Falló el test testIsFullMethod en la línea 49
-> Corriendo tests de StackTests3 para la clase: StackArMutated1979 (NegateConditionsMutator: Se reemplazó == por != en la línea 33.)
   [X] Falló el test testToStringMethod en la línea 57
-> Corriendo tests de StackTests3 para la clase: StackArMutated1454 (TrueReturnsMutator: Se reemplazó false por true en la línea 82.)
   [X] Falló el test testAVerQuePasaSiSeHacePushNull en la línea 170
-> Corriendo tests de StackTests3 para la clase: StackArMutated3123 (TrueConditionalsMutator: Se reemplazó isEmpty() por true en la línea 54.)
   [X] Falló el test testIsFullMethod en la línea 50
-> Corriendo tests de StackTests3 para la clase: StackArMutated885 (OneConstantMutator: Se reemplazó 10 por 1 en la línea 7.)
   [X] Falló el test testToHashMethod en la línea 72
-> Corriendo tests de StackTests3 para la clase: StackArMutated4013 (TrueConditionalsMutator: Se reemplazó this == obj por true en la línea 72.)
   [X] Falló el test testNotEqualsToAnotherWithDifferentsElements en la línea 112
-> Corriendo tests de StackTests3 para la clase: StackArMutated8853 (OneConstantMutator: Se reemplazó 31 por 1 en la línea 63.)
   [X] Falló el test testHashCode en la línea 125
-> Corriendo tests de StackTests3 para la clase: StackArMutated6156 (IncrementsMutator: Se reemplazó -- por ++ en la línea 49.)
   [X] Falló el test testIsEmptyMethod en la línea 42
-> Corriendo tests de StackTests3 para la clase: StackArMutated4099 (MathMutator: Se reemplazó + por - en la línea 66.)
   [X] Falló el test testHashCode en la línea 125
-> Corriendo tests de StackTests3 para la clase: StackArMutated8891 (EmptyReturnsMutator: Se reemplazó result por 0 en la línea 67.)
   [X] Falló el test testHashCode en la línea 125
-> Corriendo tests de StackTests3 para la clase: StackArMutated403 (TrueConditionalsMutator: Se reemplazó i > 0 por true en la línea 91.)
   [X] Falló el test testToStringMethod en la línea 58
-> Mutantes generados: 76
-> Mutantes eliminados: 73
    - StackArMutated1979 (NegateConditionsMutator: Se reemplazó == por != en la línea 33.)
    - StackArMutated1890 (MathMutator: Se reemplazó + por - en la línea 25.)
    - StackArMutated2143 (FalseConditionalsMutator: Se reemplazó isEmpty() por false en la línea 54.)
    - StackArMutated8405 (FalseConditionalsMutator: Se reemplazó i > 0 por false en la línea 91.)
    - StackArMutated7910 (FalseConditionalsMutator: Se reemplazó obj == null por false en la línea 74.)
    - StackArMutated8206 (NullReturnsMutator: Se reemplazó b.toString() por null en la línea 99.)
    - StackArMutated4164 (TrueConditionalsMutator: Se reemplazó capacity < 0 por true en la línea 18.)
    - StackArMutated8402 (MinusOneConstantMutator: Se reemplazó 0 por -1 en la línea 91.)
    - StackArMutated5210 (TrueConditionalsMutator: Se reemplazó obj == null por true en la línea 74.)
    - StackArMutated1454 (TrueReturnsMutator: Se reemplazó false por true en la línea 82.)
    - StackArMutated9136 (NullReturnsMutator: Se reemplazó rv por null en la línea 58.)
    - StackArMutated1496 (MinusOneConstantMutator: Se reemplazó 31 por -1 en la línea 63.)
    - StackArMutated5256 (TrueConditionalsMutator: Se reemplazó isEmpty() por true en la línea 45.)
    - StackArMutated553 (ZeroConstantMutator: Se reemplazó 1 por 0 en la línea 11.)
    - StackArMutated8891 (EmptyReturnsMutator: Se reemplazó result por 0 en la línea 67.)
    - StackArMutated1964 (MinusOneConstantMutator: Se reemplazó 0 por -1 en la línea 29.)
    - StackArMutated729 (OneConstantMutator: Se reemplazó 0 por 1 en la línea 29.)
    - StackArMutated3947 (EmptyReturnsMutator: Se reemplazó b.toString() por "" en la línea 99.)
    - StackArMutated7504 (OneConstantMutator: Se reemplazó 0 por 1 en la línea 91.)
    - StackArMutated6733 (ConditionalsBoundaryMutator: Se reemplazó <= por < en la línea 90.)
    - StackArMutated5964 (TrueConditionalsMutator: Se reemplazó !java.util.Arrays.equals(elems, other.elems) por true en la línea 79.)
    - StackArMutated885 (OneConstantMutator: Se reemplazó 10 por 1 en la línea 7.)
    - StackArMutated7266 (NegateConditionsMutator: Se reemplazó != por == en la línea 76.)
    - StackArMutated1322 (OneConstantMutator: Se reemplazó 0 por 1 en la línea 18.)
    - StackArMutated7467 (ConditionalsBoundaryMutator: Se reemplazó < por <= en la línea 18.)
    - StackArMutated403 (TrueConditionalsMutator: Se reemplazó i > 0 por true en la línea 91.)
    - StackArMutated5641 (OneConstantMutator: Se reemplazó -1 por 1 en la línea 11.)
    - StackArMutated4480 (MathMutator: Se reemplazó * por / en la línea 66.)
    - StackArMutated5570 (FalseConditionalsMutator: Se reemplazó getClass() != obj.getClass() por false en la línea 76.)
    - StackArMutated8362 (TrueConditionalsMutator: Se reemplazó getClass() != obj.getClass() por true en la línea 76.)
    - StackArMutated8080 (FalseReturnsMutator: Se reemplazó true por false en la línea 73.)
    - StackArMutated2921 (FalseConditionalsMutator: Se reemplazó isFull() por false en la línea 37.)
    - StackArMutated1037 (NegateConditionsMutator: Se reemplazó <= por > en la línea 90.)
    - StackArMutated3739 (FalseConditionalsMutator: Se reemplazó !java.util.Arrays.equals(elems, other.elems) por false en la línea 79.)
    - StackArMutated4469 (TrueReturnsMutator: Se reemplazó false por true en la línea 75.)
    - StackArMutated4624 (TrueReturnsMutator: Se reemplazó size() == 0 por true en la línea 29.)
    - StackArMutated7937 (IncrementsMutator: Se reemplazó ++ por -- en la línea 40.)
    - StackArMutated9518 (TrueReturnsMutator: Se reemplazó false por true en la línea 77.)
    - StackArMutated4626 (MinusOneConstantMutator: Se reemplazó 1 por -1 en la línea 25.)
    - StackArMutated9879 (MinusOneConstantMutator: Se reemplazó 1 por -1 en la línea 64.)
    - StackArMutated8302 (TrueConditionalsMutator: Se reemplazó isFull() por true en la línea 37.)
    - StackArMutated2246 (FalseConditionalsMutator: Se reemplazó capacity < 0 por false en la línea 18.)
    - StackArMutated654 (MathMutator: Se reemplazó + por - en la línea 65.)
    - StackArMutated6048 (TrueReturnsMutator: Se reemplazó size() == elems.length por true en la línea 33.)
    - StackArMutated6840 (ZeroConstantMutator: Se reemplazó 10 por 0 en la línea 7.)
    - StackArMutated898 (FalseReturnsMutator: Se reemplazó size() == elems.length por false en la línea 33.)
    - StackArMutated4420 (NegateConditionsMutator: Se reemplazó == por != en la línea 74.)
    - StackArMutated650 (NegateConditionsMutator: Se reemplazó == por != en la línea 72.)
    - StackArMutated9121 (EmptyReturnsMutator: Se reemplazó readIndex + 1 por 0 en la línea 25.)
    - StackArMutated6451 (NegateConditionsMutator: Se reemplazó < por >= en la línea 18.)
    - StackArMutated9441 (ConditionalsBoundaryMutator: Se reemplazó > por >= en la línea 91.)
    - StackArMutated7181 (FalseReturnsMutator: Se reemplazó size() == 0 por false en la línea 29.)
    - StackArMutated9162 (TrueConditionalsMutator: Se reemplazó readIndex != other.readIndex por true en la línea 81.)
    - StackArMutated5919 (ZeroConstantMutator: Se reemplazó 1 por 0 en la línea 64.)
    - StackArMutated5508 (MinusOneConstantMutator: Se reemplazó 10 por -1 en la línea 7.)
    - StackArMutated7809 (FalseReturnsMutator: Se reemplazó true por false en la línea 83.)
    - StackArMutated1423 (TrueReturnsMutator: Se reemplazó false por true en la línea 80.)
    - StackArMutated4535 (NegateConditionsMutator: Se reemplazó == por != en la línea 29.)
    - StackArMutated6318 (ZeroConstantMutator: Se reemplazó 1 por 0 en la línea 25.)
    - StackArMutated7726 (ZeroConstantMutator: Se reemplazó 31 por 0 en la línea 63.)
    - StackArMutated1901 (NullReturnsMutator: Se reemplazó rv por null en la línea 50.)
    - StackArMutated3803 (MinusOneConstantMutator: Se reemplazó 0 por -1 en la línea 18.)
    - StackArMutated3802 (FalseConditionalsMutator: Se reemplazó readIndex != other.readIndex por false en la línea 81.)
    - StackArMutated6156 (IncrementsMutator: Se reemplazó -- por ++ en la línea 49.)
    - StackArMutated1146 (MinusOneConstantMutator: Se reemplazó 0 por -1 en la línea 90.)
    - StackArMutated8853 (OneConstantMutator: Se reemplazó 31 por 1 en la línea 63.)
    - StackArMutated4099 (MathMutator: Se reemplazó + por - en la línea 66.)
    - StackArMutated3123 (TrueConditionalsMutator: Se reemplazó isEmpty() por true en la línea 54.)
    - StackArMutated4013 (TrueConditionalsMutator: Se reemplazó this == obj por true en la línea 72.)
    - StackArMutated9034 (IncrementsMutator: Se reemplazó ++ por -- en la línea 90.)
    - StackArMutated7572 (NegateConditionsMutator: Se reemplazó > por <= en la línea 91.)
    - StackArMutated8187 (OneConstantMutator: Se reemplazó 0 por 1 en la línea 90.)
    - StackArMutated7491 (NegateConditionsMutator: Se reemplazó != por == en la línea 81.)
-> Mutantes vivos: 3
    - StackArMutated1357 (FalseConditionalsMutator: Se reemplazó isEmpty() por false en la línea 45.)
    - StackArMutated4625 (MathMutator: Se reemplazó * por / en la línea 65.)
    - StackArMutated2084 (FalseConditionalsMutator: Se reemplazó this == obj por false en la línea 72.)
-> Mutation score: 96%
]]></system-out>
  <system-err><![CDATA[[Test worker] INFO org.reflections.Reflections - Reflections took 115 ms to scan 1 urls, producing 1 keys and 76 values
]]></system-err>
</testsuite>
