<?xml version="1.0" encoding="UTF-8"?>
<testsuite name="org.autotest.StackTests3" tests="1" skipped="0" failures="0" errors="0" timestamp="2025-04-03T06:08:14" hostname="IARA" time="0.859">
  <properties/>
  <testcase name="run()" classname="org.autotest.StackTests3" time="0.859"/>
  <system-out><![CDATA[-> Corriendo tests de StackTests3 para la clase: StackAr (Stack original)
-> Corriendo tests de StackTests3 para la clase: StackArMutated9471 (NegateConditionsMutator: Se reemplazó == por != en la línea 74.)
   [X] Falló el test testDifferentToNull en la línea 79
-> Corriendo tests de StackTests3 para la clase: StackArMutated9872 (ConditionalsBoundaryMutator: Se reemplazó > por >= en la línea 91.)
   [X] Falló el test testToStringMethod en la línea 58
-> Corriendo tests de StackTests3 para la clase: StackArMutated9796 (EmptyReturnsMutator: Se reemplazó b.toString() por "" en la línea 99.)
   [X] Falló el test testToStringMethod en la línea 56
-> Corriendo tests de StackTests3 para la clase: StackArMutated9038 (NegateConditionsMutator: Se reemplazó > por <= en la línea 91.)
   [X] Falló el test testToStringMethod en la línea 58
-> Corriendo tests de StackTests3 para la clase: StackArMutated1344 (MinusOneConstantMutator: Se reemplazó 0 por -1 en la línea 91.)
   [X] Falló el test testToStringMethod en la línea 58
-> Corriendo tests de StackTests3 para la clase: StackArMutated2796 (ZeroConstantMutator: Se reemplazó 31 por 0 en la línea 63.)
   [X] Falló el test testHashCode en la línea 125
-> Corriendo tests de StackTests3 para la clase: StackArMutated7969 (MathMutator: Se reemplazó + por - en la línea 66.)
   [X] Falló el test testHashCode en la línea 125
-> Corriendo tests de StackTests3 para la clase: StackArMutated9835 (TrueConditionalsMutator: Se reemplazó isFull() por true en la línea 37.)
   [X] Falló el test testToHashMethod en la línea 70
-> Corriendo tests de StackTests3 para la clase: StackArMutated1110 (OneConstantMutator: Se reemplazó 0 por 1 en la línea 91.)
   [X] Falló el test testToStringMethod en la línea 60
-> Corriendo tests de StackTests3 para la clase: StackArMutated3059 (MinusOneConstantMutator: Se reemplazó 0 por -1 en la línea 18.)
   [X] Falló el test testConstructorWithNegativeCapacity en la línea 31
-> Corriendo tests de StackTests3 para la clase: StackArMutated8345 (IncrementsMutator: Se reemplazó ++ por -- en la línea 40.)
   [X] Falló el test testToHashMethod en la línea 70
-> Corriendo tests de StackTests3 para la clase: StackArMutated2042 (FalseReturnsMutator: Se reemplazó size() == elems.length por false en la línea 33.)
   [X] Falló el test testIsFullMethod en la línea 49
-> Corriendo tests de StackTests3 para la clase: StackArMutated4463 (TrueConditionalsMutator: Se reemplazó obj == null por true en la línea 74.)
   [X] Falló el test testEqualsToAnother en la línea 104
-> Corriendo tests de StackTests3 para la clase: StackArMutated1031 (MathMutator: Se reemplazó + por - en la línea 25.)
   [X] Falló el test testIsFullMethod en la línea 49
-> Corriendo tests de StackTests3 para la clase: StackArMutated1273 (ZeroConstantMutator: Se reemplazó 1 por 0 en la línea 64.)
   [X] Falló el test testHashCode en la línea 125
-> Corriendo tests de StackTests3 para la clase: StackArMutated7177 (NullReturnsMutator: Se reemplazó b.toString() por null en la línea 99.)
   [X] Falló el test testToStringMethod en la línea 56
-> Corriendo tests de StackTests3 para la clase: StackArMutated8387 (FalseConditionalsMutator: Se reemplazó isEmpty() por false en la línea 54.)
   [X] Falló el test testRaiseExceptionTopEmptyStack en la línea 139
-> Corriendo tests de StackTests3 para la clase: StackArMutated4060 (MathMutator: Se reemplazó * por / en la línea 66.)
   [X] Falló el test testHashCode en la línea 125
-> Corriendo tests de StackTests3 para la clase: StackArMutated7252 (NegateConditionsMutator: Se reemplazó == por != en la línea 29.)
   [X] Falló el test testIsFullMethod en la línea 50
-> Corriendo tests de StackTests3 para la clase: StackArMutated7294 (FalseConditionalsMutator: Se reemplazó getClass() != obj.getClass() por false en la línea 76.)
   [X] Falló el test testDifferentToAnotherClass en la línea 85
-> Corriendo tests de StackTests3 para la clase: StackArMutated21 (OneConstantMutator: Se reemplazó 10 por 1 en la línea 7.)
   [X] Falló el test testToHashMethod en la línea 72
-> Corriendo tests de StackTests3 para la clase: StackArMutated9283 (TrueConditionalsMutator: Se reemplazó getClass() != obj.getClass() por true en la línea 76.)
   [X] Falló el test testEqualsToAnother en la línea 104
-> Corriendo tests de StackTests3 para la clase: StackArMutated2969 (FalseReturnsMutator: Se reemplazó true por false en la línea 83.)
   [X] Falló el test testEqualsToAnother en la línea 104
-> Corriendo tests de StackTests3 para la clase: StackArMutated9446 (TrueReturnsMutator: Se reemplazó false por true en la línea 82.)
   [X] Falló el test testAVerQuePasaSiSeHacePushNull en la línea 170
-> Corriendo tests de StackTests3 para la clase: StackArMutated7779 (MathMutator: Se reemplazó * por / en la línea 65.)
-> Corriendo tests de StackTests3 para la clase: StackArMutated4597 (OneConstantMutator: Se reemplazó 31 por 1 en la línea 63.)
   [X] Falló el test testHashCode en la línea 125
-> Corriendo tests de StackTests3 para la clase: StackArMutated1001 (TrueConditionalsMutator: Se reemplazó capacity < 0 por true en la línea 18.)
   [X] Falló el test testToHashMethod en la línea 69
-> Corriendo tests de StackTests3 para la clase: StackArMutated1485 (FalseConditionalsMutator: Se reemplazó isEmpty() por false en la línea 45.)
-> Corriendo tests de StackTests3 para la clase: StackArMutated5047 (NegateConditionsMutator: Se reemplazó < por >= en la línea 18.)
   [X] Falló el test testToHashMethod en la línea 69
-> Corriendo tests de StackTests3 para la clase: StackArMutated7149 (FalseConditionalsMutator: Se reemplazó !java.util.Arrays.equals(elems, other.elems) por false en la línea 79.)
   [X] Falló el test testNotEqualsToAnotherWithDifferentsElements en la línea 112
-> Corriendo tests de StackTests3 para la clase: StackArMutated5246 (MinusOneConstantMutator: Se reemplazó 31 por -1 en la línea 63.)
   [X] Falló el test testHashCode en la línea 125
-> Corriendo tests de StackTests3 para la clase: StackArMutated3462 (TrueConditionalsMutator: Se reemplazó !java.util.Arrays.equals(elems, other.elems) por true en la línea 79.)
   [X] Falló el test testEqualsToAnother en la línea 104
-> Corriendo tests de StackTests3 para la clase: StackArMutated7024 (NegateConditionsMutator: Se reemplazó == por != en la línea 33.)
   [X] Falló el test testToHashMethod en la línea 70
-> Corriendo tests de StackTests3 para la clase: StackArMutated2175 (TrueReturnsMutator: Se reemplazó false por true en la línea 77.)
   [X] Falló el test testDifferentToAnotherClass en la línea 85
-> Corriendo tests de StackTests3 para la clase: StackArMutated8112 (MinusOneConstantMutator: Se reemplazó 10 por -1 en la línea 7.)
   [X] Falló el test testToHashMethod en la línea 69
-> Corriendo tests de StackTests3 para la clase: StackArMutated425 (ZeroConstantMutator: Se reemplazó 1 por 0 en la línea 11.)
   [X] Falló el test testIsFullMethod en la línea 47
-> Corriendo tests de StackTests3 para la clase: StackArMutated1606 (NegateConditionsMutator: Se reemplazó != por == en la línea 76.)
   [X] Falló el test testEqualsToAnother en la línea 104
-> Corriendo tests de StackTests3 para la clase: StackArMutated6819 (NullReturnsMutator: Se reemplazó rv por null en la línea 58.)
   [X] Falló el test testPopIsLastPushed en la línea 98
-> Corriendo tests de StackTests3 para la clase: StackArMutated1843 (TrueConditionalsMutator: Se reemplazó i > 0 por true en la línea 91.)
   [X] Falló el test testToStringMethod en la línea 58
-> Corriendo tests de StackTests3 para la clase: StackArMutated5849 (IncrementsMutator: Se reemplazó -- por ++ en la línea 49.)
   [X] Falló el test testIsEmptyMethod en la línea 42
-> Corriendo tests de StackTests3 para la clase: StackArMutated5649 (OneConstantMutator: Se reemplazó 0 por 1 en la línea 90.)
   [X] Falló el test testToStringMethod en la línea 58
-> Corriendo tests de StackTests3 para la clase: StackArMutated3429 (FalseConditionalsMutator: Se reemplazó isFull() por false en la línea 37.)
   [X] Falló el test testRaiseExceptionWhenPushToFullStack en la línea 148
-> Corriendo tests de StackTests3 para la clase: StackArMutated3902 (TrueReturnsMutator: Se reemplazó false por true en la línea 80.)
   [X] Falló el test testEqualsWithDifferents en la línea 92
-> Corriendo tests de StackTests3 para la clase: StackArMutated5405 (FalseConditionalsMutator: Se reemplazó readIndex != other.readIndex por false en la línea 81.)
   [X] Falló el test testAVerQuePasaSiSeHacePushNull en la línea 170
-> Corriendo tests de StackTests3 para la clase: StackArMutated2137 (FalseReturnsMutator: Se reemplazó true por false en la línea 73.)
   [X] Falló el test testEqualsItself en la línea 134
-> Corriendo tests de StackTests3 para la clase: StackArMutated9615 (FalseConditionalsMutator: Se reemplazó i > 0 por false en la línea 91.)
   [X] Falló el test testToStringMethod en la línea 60
-> Corriendo tests de StackTests3 para la clase: StackArMutated2462 (FalseConditionalsMutator: Se reemplazó obj == null por false en la línea 74.)
   [X] Falló el test testDifferentToNull en la línea 79
-> Corriendo tests de StackTests3 para la clase: StackArMutated8207 (MinusOneConstantMutator: Se reemplazó 1 por -1 en la línea 25.)
   [X] Falló el test testIsFullMethod en la línea 49
-> Corriendo tests de StackTests3 para la clase: StackArMutated6268 (MinusOneConstantMutator: Se reemplazó 1 por -1 en la línea 64.)
   [X] Falló el test testHashCode en la línea 125
-> Corriendo tests de StackTests3 para la clase: StackArMutated6225 (MathMutator: Se reemplazó + por - en la línea 65.)
   [X] Falló el test testHashCode en la línea 125
-> Corriendo tests de StackTests3 para la clase: StackArMutated7951 (IncrementsMutator: Se reemplazó ++ por -- en la línea 90.)
   [X] Falló el test testToStringMethod en la línea 58
-> Corriendo tests de StackTests3 para la clase: StackArMutated6420 (TrueReturnsMutator: Se reemplazó size() == elems.length por true en la línea 33.)
   [X] Falló el test testToHashMethod en la línea 70
-> Corriendo tests de StackTests3 para la clase: StackArMutated6223 (ZeroConstantMutator: Se reemplazó 1 por 0 en la línea 25.)
   [X] Falló el test testIsFullMethod en la línea 49
-> Corriendo tests de StackTests3 para la clase: StackArMutated7112 (TrueConditionalsMutator: Se reemplazó this == obj por true en la línea 72.)
   [X] Falló el test testAVerQuePasaSiSeHacePushNull en la línea 170
-> Corriendo tests de StackTests3 para la clase: StackArMutated8520 (OneConstantMutator: Se reemplazó -1 por 1 en la línea 11.)
   [X] Falló el test testIsFullMethod en la línea 48
-> Corriendo tests de StackTests3 para la clase: StackArMutated5290 (FalseConditionalsMutator: Se reemplazó capacity < 0 por false en la línea 18.)
   [X] Falló el test testConstructorWithNegativeCapacity en la línea 31
-> Corriendo tests de StackTests3 para la clase: StackArMutated9380 (FalseReturnsMutator: Se reemplazó size() == 0 por false en la línea 29.)
   [X] Falló el test testIsEmptyMethod en la línea 38
-> Corriendo tests de StackTests3 para la clase: StackArMutated2708 (EmptyReturnsMutator: Se reemplazó result por 0 en la línea 67.)
   [X] Falló el test testToHashMethod en la línea 74
-> Corriendo tests de StackTests3 para la clase: StackArMutated2987 (NegateConditionsMutator: Se reemplazó != por == en la línea 81.)
   [X] Falló el test testAVerQuePasaSiSeHacePushNull en la línea 170
-> Corriendo tests de StackTests3 para la clase: StackArMutated3439 (TrueReturnsMutator: Se reemplazó false por true en la línea 75.)
   [X] Falló el test testDifferentToNull en la línea 79
-> Corriendo tests de StackTests3 para la clase: StackArMutated9302 (ConditionalsBoundaryMutator: Se reemplazó < por <= en la línea 18.)
   [X] Falló el test testConstructorWithCapacityZero en la línea 65
-> Corriendo tests de StackTests3 para la clase: StackArMutated5419 (TrueConditionalsMutator: Se reemplazó isEmpty() por true en la línea 54.)
   [X] Falló el test testIsFullMethod en la línea 50
-> Corriendo tests de StackTests3 para la clase: StackArMutated7716 (MinusOneConstantMutator: Se reemplazó 0 por -1 en la línea 29.)
   [X] Falló el test testIsEmptyMethod en la línea 38
-> Corriendo tests de StackTests3 para la clase: StackArMutated4526 (ZeroConstantMutator: Se reemplazó 10 por 0 en la línea 7.)
   [X] Falló el test testToHashMethod en la línea 70
-> Corriendo tests de StackTests3 para la clase: StackArMutated3117 (FalseConditionalsMutator: Se reemplazó this == obj por false en la línea 72.)
-> Corriendo tests de StackTests3 para la clase: StackArMutated2077 (TrueReturnsMutator: Se reemplazó size() == 0 por true en la línea 29.)
   [X] Falló el test testIsFullMethod en la línea 50
-> Corriendo tests de StackTests3 para la clase: StackArMutated566 (MinusOneConstantMutator: Se reemplazó 0 por -1 en la línea 90.)
   [X] Falló el test testToStringMethod en la línea 56
-> Corriendo tests de StackTests3 para la clase: StackArMutated7767 (NullReturnsMutator: Se reemplazó rv por null en la línea 50.)
   [X] Falló el test testPopIsLastPushed en la línea 98
-> Corriendo tests de StackTests3 para la clase: StackArMutated8658 (OneConstantMutator: Se reemplazó 0 por 1 en la línea 29.)
   [X] Falló el test testIsFullMethod en la línea 50
-> Corriendo tests de StackTests3 para la clase: StackArMutated1860 (OneConstantMutator: Se reemplazó 0 por 1 en la línea 18.)
   [X] Falló el test testConstructorWithCapacityZero en la línea 65
-> Corriendo tests de StackTests3 para la clase: StackArMutated563 (ConditionalsBoundaryMutator: Se reemplazó <= por < en la línea 90.)
   [X] Falló el test testToStringMethod en la línea 58
-> Corriendo tests de StackTests3 para la clase: StackArMutated8578 (NegateConditionsMutator: Se reemplazó <= por > en la línea 90.)
   [X] Falló el test testToStringMethod en la línea 56
-> Corriendo tests de StackTests3 para la clase: StackArMutated8650 (TrueConditionalsMutator: Se reemplazó isEmpty() por true en la línea 45.)
   [X] Falló el test testIsFullMethod en la línea 50
-> Corriendo tests de StackTests3 para la clase: StackArMutated8892 (NegateConditionsMutator: Se reemplazó == por != en la línea 72.)
   [X] Falló el test testAVerQuePasaSiSeHacePushNull en la línea 170
-> Corriendo tests de StackTests3 para la clase: StackArMutated4052 (TrueConditionalsMutator: Se reemplazó readIndex != other.readIndex por true en la línea 81.)
   [X] Falló el test testEqualsToAnother en la línea 104
-> Mutantes generados: 75
-> Mutantes eliminados: 72
    - StackArMutated2987 (NegateConditionsMutator: Se reemplazó != por == en la línea 81.)
    - StackArMutated5419 (TrueConditionalsMutator: Se reemplazó isEmpty() por true en la línea 54.)
    - StackArMutated4526 (ZeroConstantMutator: Se reemplazó 10 por 0 en la línea 7.)
    - StackArMutated3439 (TrueReturnsMutator: Se reemplazó false por true en la línea 75.)
    - StackArMutated7716 (MinusOneConstantMutator: Se reemplazó 0 por -1 en la línea 29.)
    - StackArMutated9615 (FalseConditionalsMutator: Se reemplazó i > 0 por false en la línea 91.)
    - StackArMutated2462 (FalseConditionalsMutator: Se reemplazó obj == null por false en la línea 74.)
    - StackArMutated8207 (MinusOneConstantMutator: Se reemplazó 1 por -1 en la línea 25.)
    - StackArMutated6225 (MathMutator: Se reemplazó + por - en la línea 65.)
    - StackArMutated6420 (TrueReturnsMutator: Se reemplazó size() == elems.length por true en la línea 33.)
    - StackArMutated7112 (TrueConditionalsMutator: Se reemplazó this == obj por true en la línea 72.)
    - StackArMutated6268 (MinusOneConstantMutator: Se reemplazó 1 por -1 en la línea 64.)
    - StackArMutated7951 (IncrementsMutator: Se reemplazó ++ por -- en la línea 90.)
    - StackArMutated8520 (OneConstantMutator: Se reemplazó -1 por 1 en la línea 11.)
    - StackArMutated6223 (ZeroConstantMutator: Se reemplazó 1 por 0 en la línea 25.)
    - StackArMutated8650 (TrueConditionalsMutator: Se reemplazó isEmpty() por true en la línea 45.)
    - StackArMutated8892 (NegateConditionsMutator: Se reemplazó == por != en la línea 72.)
    - StackArMutated4052 (TrueConditionalsMutator: Se reemplazó readIndex != other.readIndex por true en la línea 81.)
    - StackArMutated9380 (FalseReturnsMutator: Se reemplazó size() == 0 por false en la línea 29.)
    - StackArMutated2708 (EmptyReturnsMutator: Se reemplazó result por 0 en la línea 67.)
    - StackArMutated1843 (TrueConditionalsMutator: Se reemplazó i > 0 por true en la línea 91.)
    - StackArMutated5849 (IncrementsMutator: Se reemplazó -- por ++ en la línea 49.)
    - StackArMutated6819 (NullReturnsMutator: Se reemplazó rv por null en la línea 58.)
    - StackArMutated2137 (FalseReturnsMutator: Se reemplazó true por false en la línea 73.)
    - StackArMutated5405 (FalseConditionalsMutator: Se reemplazó readIndex != other.readIndex por false en la línea 81.)
    - StackArMutated3429 (FalseConditionalsMutator: Se reemplazó isFull() por false en la línea 37.)
    - StackArMutated3902 (TrueReturnsMutator: Se reemplazó false por true en la línea 80.)
    - StackArMutated5649 (OneConstantMutator: Se reemplazó 0 por 1 en la línea 90.)
    - StackArMutated4597 (OneConstantMutator: Se reemplazó 31 por 1 en la línea 63.)
    - StackArMutated5246 (MinusOneConstantMutator: Se reemplazó 31 por -1 en la línea 63.)
    - StackArMutated7149 (FalseConditionalsMutator: Se reemplazó !java.util.Arrays.equals(elems, other.elems) por false en la línea 79.)
    - StackArMutated3462 (TrueConditionalsMutator: Se reemplazó !java.util.Arrays.equals(elems, other.elems) por true en la línea 79.)
    - StackArMutated2175 (TrueReturnsMutator: Se reemplazó false por true en la línea 77.)
    - StackArMutated9446 (TrueReturnsMutator: Se reemplazó false por true en la línea 82.)
    - StackArMutated566 (MinusOneConstantMutator: Se reemplazó 0 por -1 en la línea 90.)
    - StackArMutated7024 (NegateConditionsMutator: Se reemplazó == por != en la línea 33.)
    - StackArMutated1001 (TrueConditionalsMutator: Se reemplazó capacity < 0 por true en la línea 18.)
    - StackArMutated5047 (NegateConditionsMutator: Se reemplazó < por >= en la línea 18.)
    - StackArMutated563 (ConditionalsBoundaryMutator: Se reemplazó <= por < en la línea 90.)
    - StackArMutated5290 (FalseConditionalsMutator: Se reemplazó capacity < 0 por false en la línea 18.)
    - StackArMutated1606 (NegateConditionsMutator: Se reemplazó != por == en la línea 76.)
    - StackArMutated21 (OneConstantMutator: Se reemplazó 10 por 1 en la línea 7.)
    - StackArMutated2969 (FalseReturnsMutator: Se reemplazó true por false en la línea 83.)
    - StackArMutated9835 (TrueConditionalsMutator: Se reemplazó isFull() por true en la línea 37.)
    - StackArMutated1031 (MathMutator: Se reemplazó + por - en la línea 25.)
    - StackArMutated1273 (ZeroConstantMutator: Se reemplazó 1 por 0 en la línea 64.)
    - StackArMutated2042 (FalseReturnsMutator: Se reemplazó size() == elems.length por false en la línea 33.)
    - StackArMutated3059 (MinusOneConstantMutator: Se reemplazó 0 por -1 en la línea 18.)
    - StackArMutated9796 (EmptyReturnsMutator: Se reemplazó b.toString() por "" en la línea 99.)
    - StackArMutated1110 (OneConstantMutator: Se reemplazó 0 por 1 en la línea 91.)
    - StackArMutated4463 (TrueConditionalsMutator: Se reemplazó obj == null por true en la línea 74.)
    - StackArMutated9038 (NegateConditionsMutator: Se reemplazó > por <= en la línea 91.)
    - StackArMutated8345 (IncrementsMutator: Se reemplazó ++ por -- en la línea 40.)
    - StackArMutated8112 (MinusOneConstantMutator: Se reemplazó 10 por -1 en la línea 7.)
    - StackArMutated9283 (TrueConditionalsMutator: Se reemplazó getClass() != obj.getClass() por true en la línea 76.)
    - StackArMutated7969 (MathMutator: Se reemplazó + por - en la línea 66.)
    - StackArMutated2077 (TrueReturnsMutator: Se reemplazó size() == 0 por true en la línea 29.)
    - StackArMutated8658 (OneConstantMutator: Se reemplazó 0 por 1 en la línea 29.)
    - StackArMutated7767 (NullReturnsMutator: Se reemplazó rv por null en la línea 50.)
    - StackArMutated2796 (ZeroConstantMutator: Se reemplazó 31 por 0 en la línea 63.)
    - StackArMutated1344 (MinusOneConstantMutator: Se reemplazó 0 por -1 en la línea 91.)
    - StackArMutated1860 (OneConstantMutator: Se reemplazó 0 por 1 en la línea 18.)
    - StackArMutated8578 (NegateConditionsMutator: Se reemplazó <= por > en la línea 90.)
    - StackArMutated425 (ZeroConstantMutator: Se reemplazó 1 por 0 en la línea 11.)
    - StackArMutated9302 (ConditionalsBoundaryMutator: Se reemplazó < por <= en la línea 18.)
    - StackArMutated7252 (NegateConditionsMutator: Se reemplazó == por != en la línea 29.)
    - StackArMutated9872 (ConditionalsBoundaryMutator: Se reemplazó > por >= en la línea 91.)
    - StackArMutated8387 (FalseConditionalsMutator: Se reemplazó isEmpty() por false en la línea 54.)
    - StackArMutated7177 (NullReturnsMutator: Se reemplazó b.toString() por null en la línea 99.)
    - StackArMutated9471 (NegateConditionsMutator: Se reemplazó == por != en la línea 74.)
    - StackArMutated7294 (FalseConditionalsMutator: Se reemplazó getClass() != obj.getClass() por false en la línea 76.)
    - StackArMutated4060 (MathMutator: Se reemplazó * por / en la línea 66.)
-> Mutantes vivos: 3
    - StackArMutated3117 (FalseConditionalsMutator: Se reemplazó this == obj por false en la línea 72.)
    - StackArMutated1485 (FalseConditionalsMutator: Se reemplazó isEmpty() por false en la línea 45.)
    - StackArMutated7779 (MathMutator: Se reemplazó * por / en la línea 65.)
-> Mutation score: 96%
]]></system-out>
  <system-err><![CDATA[[Test worker] INFO org.reflections.Reflections - Reflections took 312 ms to scan 1 urls, producing 1 keys and 75 values
]]></system-err>
</testsuite>
