<?xml version="1.0" encoding="UTF-8"?>
<testsuite name="org.autotest.StackTests1" tests="1" skipped="0" failures="0" errors="0" timestamp="2025-03-26T07:28:33" hostname="IARA" time="0.334">
  <properties/>
  <testcase name="run()" classname="org.autotest.StackTests1" time="0.334"/>
  <system-out><![CDATA[-> Corriendo tests de StackTests1 para la clase: StackAr (Stack original)
-> Corriendo tests de StackTests1 para la clase: StackArMutated3807 (TrueReturnsMutator: Se reemplazó size() == elems.length por true en la línea 33.)
   [X] Falló el test testSizeIncreasesByOne en la línea 14
-> Corriendo tests de StackTests1 para la clase: StackArMutated9398 (TrueReturnsMutator: Se reemplazó true por true en la línea 73.)
-> Corriendo tests de StackTests1 para la clase: StackArMutated272 (NegateConditionsMutator: Se reemplazó == por != en la línea 74.)
-> Corriendo tests de StackTests1 para la clase: StackArMutated3725 (ZeroConstantMutator: Se reemplazó 31 por 0 en la línea 63.)
-> Corriendo tests de StackTests1 para la clase: StackArMutated7928 (FalseReturnsMutator: Se reemplazó size() == 0 por false en la línea 29.)
   [X] Falló el test testConstructorWithSpecifiedCapacity en la línea 25
-> Corriendo tests de StackTests1 para la clase: StackArMutated9676 (MathMutator: Se reemplazó * por / en la línea 66.)
-> Corriendo tests de StackTests1 para la clase: StackArMutated9634 (FalseReturnsMutator: Se reemplazó size() == elems.length por false en la línea 33.)
-> Corriendo tests de StackTests1 para la clase: StackArMutated4853 (MathMutator: Se reemplazó + por - en la línea 66.)
-> Corriendo tests de StackTests1 para la clase: StackArMutated1346 (NegateConditionsMutator: Se reemplazó == por != en la línea 72.)
-> Corriendo tests de StackTests1 para la clase: StackArMutated2479 (MinusOneConstantMutator: Se reemplazó 0 por -1 en la línea 29.)
   [X] Falló el test testConstructorWithSpecifiedCapacity en la línea 25
-> Corriendo tests de StackTests1 para la clase: StackArMutated675 (MinusOneConstantMutator: Se reemplazó 0 por -1 en la línea 91.)
-> Corriendo tests de StackTests1 para la clase: StackArMutated8866 (ConditionalsBoundaryMutator: Se reemplazó <= por < en la línea 90.)
-> Corriendo tests de StackTests1 para la clase: StackArMutated2244 (ZeroConstantMutator: Se reemplazó 10 por 0 en la línea 7.)
   [X] Falló el test testSizeIncreasesByOne en la línea 14
-> Corriendo tests de StackTests1 para la clase: StackArMutated7457 (TrueConditionalsMutator: Se reemplazó == por true en la línea 74.)
-> Corriendo tests de StackTests1 para la clase: StackArMutated4263 (MathMutator: Se reemplazó + por - en la línea 25.)
   [X] Falló el test testConstructorWithSpecifiedCapacity en la línea 25
-> Corriendo tests de StackTests1 para la clase: StackArMutated6366 (MinusOneConstantMutator: Se reemplazó 0 por -1 en la línea 18.)
   [X] Falló el test testConstructorWithNegativeCapacity en la línea 29
-> Corriendo tests de StackTests1 para la clase: StackArMutated8543 (OneConstantMutator: Se reemplazó 0 por 1 en la línea 90.)
-> Corriendo tests de StackTests1 para la clase: StackArMutated1272 (FalseConditionalsMutator: Se reemplazó != por false en la línea 81.)
-> Corriendo tests de StackTests1 para la clase: StackArMutated5396 (IncrementsMutator: Se reemplazó ++ por -- en la línea 40.)
   [X] Falló el test testSizeIncreasesByOne en la línea 14
-> Corriendo tests de StackTests1 para la clase: StackArMutated7054 (IncrementsMutator: Se reemplazó -- por ++ en la línea 49.)
-> Corriendo tests de StackTests1 para la clase: StackArMutated6161 (TrueReturnsMutator: Se reemplazó size() == 0 por true en la línea 29.)
-> Corriendo tests de StackTests1 para la clase: StackArMutated9163 (TrueReturnsMutator: Se reemplazó false por true en la línea 80.)
-> Corriendo tests de StackTests1 para la clase: StackArMutated2408 (NegateConditionsMutator: Se reemplazó != por == en la línea 81.)
-> Corriendo tests de StackTests1 para la clase: StackArMutated9044 (NullReturnsMutator: Se reemplazó rv por null en la línea 58.)
-> Corriendo tests de StackTests1 para la clase: StackArMutated2924 (EmptyReturnsMutator: Se reemplazó readIndex + 1 por 0 en la línea 25.)
   [X] Falló el test testSizeIncreasesByOne en la línea 15
-> Corriendo tests de StackTests1 para la clase: StackArMutated3611 (FalseConditionalsMutator: Se reemplazó == por false en la línea 74.)
-> Corriendo tests de StackTests1 para la clase: StackArMutated4667 (OneConstantMutator: Se reemplazó 31 por 1 en la línea 63.)
-> Corriendo tests de StackTests1 para la clase: StackArMutated5439 (IncrementsMutator: Se reemplazó ++ por -- en la línea 90.)
-> Corriendo tests de StackTests1 para la clase: StackArMutated5758 (OneConstantMutator: Se reemplazó 0 por 1 en la línea 29.)
   [X] Falló el test testConstructorWithSpecifiedCapacity en la línea 25
-> Corriendo tests de StackTests1 para la clase: StackArMutated9723 (NullReturnsMutator: Se reemplazó b.toString() por null en la línea 99.)
-> Corriendo tests de StackTests1 para la clase: StackArMutated4944 (TrueReturnsMutator: Se reemplazó false por true en la línea 82.)
-> Corriendo tests de StackTests1 para la clase: StackArMutated8627 (MathMutator: Se reemplazó + por - en la línea 65.)
-> Corriendo tests de StackTests1 para la clase: StackArMutated2887 (ZeroConstantMutator: Se reemplazó 1 por 0 en la línea 64.)
-> Corriendo tests de StackTests1 para la clase: StackArMutated3931 (ZeroConstantMutator: Se reemplazó 1 por 0 en la línea 11.)
   [X] Falló el test testConstructorWithSpecifiedCapacity en la línea 25
-> Corriendo tests de StackTests1 para la clase: StackArMutated7546 (FalseConditionalsMutator: Se reemplazó == por false en la línea 72.)
-> Corriendo tests de StackTests1 para la clase: StackArMutated3147 (TrueReturnsMutator: Se reemplazó false por true en la línea 75.)
-> Corriendo tests de StackTests1 para la clase: StackArMutated3389 (NegateConditionsMutator: Se reemplazó <= por > en la línea 90.)
-> Corriendo tests de StackTests1 para la clase: StackArMutated4351 (FalseReturnsMutator: Se reemplazó false por false en la línea 82.)
-> Corriendo tests de StackTests1 para la clase: StackArMutated186 (FalseReturnsMutator: Se reemplazó false por false en la línea 75.)
-> Corriendo tests de StackTests1 para la clase: StackArMutated6210 (MinusOneConstantMutator: Se reemplazó 1 por -1 en la línea 64.)
-> Corriendo tests de StackTests1 para la clase: StackArMutated7188 (ConditionalsBoundaryMutator: Se reemplazó < por <= en la línea 18.)
-> Corriendo tests de StackTests1 para la clase: StackArMutated825 (TrueReturnsMutator: Se reemplazó false por true en la línea 77.)
-> Corriendo tests de StackTests1 para la clase: StackArMutated9173 (OneConstantMutator: Se reemplazó 0 por 1 en la línea 18.)
-> Corriendo tests de StackTests1 para la clase: StackArMutated9251 (FalseReturnsMutator: Se reemplazó false por false en la línea 80.)
-> Corriendo tests de StackTests1 para la clase: StackArMutated9655 (FalseConditionalsMutator: Se reemplazó != por false en la línea 76.)
-> Corriendo tests de StackTests1 para la clase: StackArMutated2532 (NegateConditionsMutator: Se reemplazó < por >= en la línea 18.)
   [X] Falló el test testConstructorWithSpecifiedCapacity en la línea 24
-> Corriendo tests de StackTests1 para la clase: StackArMutated1323 (TrueConditionalsMutator: Se reemplazó != por true en la línea 81.)
-> Corriendo tests de StackTests1 para la clase: StackArMutated2533 (MinusOneConstantMutator: Se reemplazó 0 por -1 en la línea 90.)
-> Corriendo tests de StackTests1 para la clase: StackArMutated3034 (TrueReturnsMutator: Se reemplazó true por true en la línea 83.)
-> Corriendo tests de StackTests1 para la clase: StackArMutated5215 (OneConstantMutator: Se reemplazó 10 por 1 en la línea 7.)
-> Corriendo tests de StackTests1 para la clase: StackArMutated9606 (NegateConditionsMutator: Se reemplazó == por != en la línea 29.)
   [X] Falló el test testConstructorWithSpecifiedCapacity en la línea 25
-> Corriendo tests de StackTests1 para la clase: StackArMutated3158 (ZeroConstantMutator: Se reemplazó 1 por 0 en la línea 25.)
   [X] Falló el test testConstructorWithSpecifiedCapacity en la línea 25
-> Corriendo tests de StackTests1 para la clase: StackArMutated8645 (NullReturnsMutator: Se reemplazó rv por null en la línea 50.)
-> Corriendo tests de StackTests1 para la clase: StackArMutated695 (OneConstantMutator: Se reemplazó 0 por 1 en la línea 91.)
-> Corriendo tests de StackTests1 para la clase: StackArMutated5298 (ConditionalsBoundaryMutator: Se reemplazó > por >= en la línea 91.)
-> Corriendo tests de StackTests1 para la clase: StackArMutated6663 (TrueConditionalsMutator: Se reemplazó != por true en la línea 76.)
-> Corriendo tests de StackTests1 para la clase: StackArMutated6262 (EmptyReturnsMutator: Se reemplazó result por 0 en la línea 67.)
-> Corriendo tests de StackTests1 para la clase: StackArMutated8440 (NegateConditionsMutator: Se reemplazó > por <= en la línea 91.)
-> Corriendo tests de StackTests1 para la clase: StackArMutated9266 (MinusOneConstantMutator: Se reemplazó 31 por -1 en la línea 63.)
-> Corriendo tests de StackTests1 para la clase: StackArMutated1536 (NegateConditionsMutator: Se reemplazó != por == en la línea 76.)
-> Corriendo tests de StackTests1 para la clase: StackArMutated9785 (MathMutator: Se reemplazó * por / en la línea 65.)
-> Corriendo tests de StackTests1 para la clase: StackArMutated4523 (EmptyReturnsMutator: Se reemplazó b.toString() por "" en la línea 99.)
-> Corriendo tests de StackTests1 para la clase: StackArMutated126 (MinusOneConstantMutator: Se reemplazó 10 por -1 en la línea 7.)
   [X] Falló el test testSizeIncreasesByOne en la línea 12
-> Corriendo tests de StackTests1 para la clase: StackArMutated5102 (FalseReturnsMutator: Se reemplazó true por false en la línea 83.)
-> Corriendo tests de StackTests1 para la clase: StackArMutated683 (NegateConditionsMutator: Se reemplazó == por != en la línea 33.)
   [X] Falló el test testSizeIncreasesByOne en la línea 14
-> Corriendo tests de StackTests1 para la clase: StackArMutated8653 (MinusOneConstantMutator: Se reemplazó 1 por -1 en la línea 25.)
   [X] Falló el test testConstructorWithSpecifiedCapacity en la línea 25
-> Corriendo tests de StackTests1 para la clase: StackArMutated4050 (OneConstantMutator: Se reemplazó 1 por 1 en la línea 11.)
-> Corriendo tests de StackTests1 para la clase: StackArMutated5460 (FalseReturnsMutator: Se reemplazó true por false en la línea 73.)
-> Corriendo tests de StackTests1 para la clase: StackArMutated208 (FalseReturnsMutator: Se reemplazó false por false en la línea 77.)
-> Corriendo tests de StackTests1 para la clase: StackArMutated646 (TrueConditionalsMutator: Se reemplazó == por true en la línea 72.)
-> Mutantes generados: 70
-> Mutantes eliminados: 16
    - StackArMutated3158 (ZeroConstantMutator: Se reemplazó 1 por 0 en la línea 25.)
    - StackArMutated9606 (NegateConditionsMutator: Se reemplazó == por != en la línea 29.)
    - StackArMutated2532 (NegateConditionsMutator: Se reemplazó < por >= en la línea 18.)
    - StackArMutated126 (MinusOneConstantMutator: Se reemplazó 10 por -1 en la línea 7.)
    - StackArMutated683 (NegateConditionsMutator: Se reemplazó == por != en la línea 33.)
    - StackArMutated3931 (ZeroConstantMutator: Se reemplazó 1 por 0 en la línea 11.)
    - StackArMutated2924 (EmptyReturnsMutator: Se reemplazó readIndex + 1 por 0 en la línea 25.)
    - StackArMutated5758 (OneConstantMutator: Se reemplazó 0 por 1 en la línea 29.)
    - StackArMutated4263 (MathMutator: Se reemplazó + por - en la línea 25.)
    - StackArMutated5396 (IncrementsMutator: Se reemplazó ++ por -- en la línea 40.)
    - StackArMutated2244 (ZeroConstantMutator: Se reemplazó 10 por 0 en la línea 7.)
    - StackArMutated6366 (MinusOneConstantMutator: Se reemplazó 0 por -1 en la línea 18.)
    - StackArMutated7928 (FalseReturnsMutator: Se reemplazó size() == 0 por false en la línea 29.)
    - StackArMutated2479 (MinusOneConstantMutator: Se reemplazó 0 por -1 en la línea 29.)
    - StackArMutated8653 (MinusOneConstantMutator: Se reemplazó 1 por -1 en la línea 25.)
    - StackArMutated3807 (TrueReturnsMutator: Se reemplazó size() == elems.length por true en la línea 33.)
-> Mutantes vivos: 54
    - StackArMutated1536 (NegateConditionsMutator: Se reemplazó != por == en la línea 76.)
    - StackArMutated3034 (TrueReturnsMutator: Se reemplazó true por true en la línea 83.)
    - StackArMutated5215 (OneConstantMutator: Se reemplazó 10 por 1 en la línea 7.)
    - StackArMutated8645 (NullReturnsMutator: Se reemplazó rv por null en la línea 50.)
    - StackArMutated4523 (EmptyReturnsMutator: Se reemplazó b.toString() por "" en la línea 99.)
    - StackArMutated9655 (FalseConditionalsMutator: Se reemplazó != por false en la línea 76.)
    - StackArMutated5298 (ConditionalsBoundaryMutator: Se reemplazó > por >= en la línea 91.)
    - StackArMutated6663 (TrueConditionalsMutator: Se reemplazó != por true en la línea 76.)
    - StackArMutated9266 (MinusOneConstantMutator: Se reemplazó 31 por -1 en la línea 63.)
    - StackArMutated4050 (OneConstantMutator: Se reemplazó 1 por 1 en la línea 11.)
    - StackArMutated5460 (FalseReturnsMutator: Se reemplazó true por false en la línea 73.)
    - StackArMutated675 (MinusOneConstantMutator: Se reemplazó 0 por -1 en la línea 91.)
    - StackArMutated272 (NegateConditionsMutator: Se reemplazó == por != en la línea 74.)
    - StackArMutated1323 (TrueConditionalsMutator: Se reemplazó != por true en la línea 81.)
    - StackArMutated2533 (MinusOneConstantMutator: Se reemplazó 0 por -1 en la línea 90.)
    - StackArMutated7546 (FalseConditionalsMutator: Se reemplazó == por false en la línea 72.)
    - StackArMutated208 (FalseReturnsMutator: Se reemplazó false por false en la línea 77.)
    - StackArMutated9723 (NullReturnsMutator: Se reemplazó b.toString() por null en la línea 99.)
    - StackArMutated4351 (FalseReturnsMutator: Se reemplazó false por false en la línea 82.)
    - StackArMutated3147 (TrueReturnsMutator: Se reemplazó false por true en la línea 75.)
    - StackArMutated3389 (NegateConditionsMutator: Se reemplazó <= por > en la línea 90.)
    - StackArMutated6210 (MinusOneConstantMutator: Se reemplazó 1 por -1 en la línea 64.)
    - StackArMutated646 (TrueConditionalsMutator: Se reemplazó == por true en la línea 72.)
    - StackArMutated6262 (EmptyReturnsMutator: Se reemplazó result por 0 en la línea 67.)
    - StackArMutated8440 (NegateConditionsMutator: Se reemplazó > por <= en la línea 91.)
    - StackArMutated9251 (FalseReturnsMutator: Se reemplazó false por false en la línea 80.)
    - StackArMutated9173 (OneConstantMutator: Se reemplazó 0 por 1 en la línea 18.)
    - StackArMutated2887 (ZeroConstantMutator: Se reemplazó 1 por 0 en la línea 64.)
    - StackArMutated3611 (FalseConditionalsMutator: Se reemplazó == por false en la línea 74.)
    - StackArMutated2408 (NegateConditionsMutator: Se reemplazó != por == en la línea 81.)
    - StackArMutated4667 (OneConstantMutator: Se reemplazó 31 por 1 en la línea 63.)
    - StackArMutated5439 (IncrementsMutator: Se reemplazó ++ por -- en la línea 90.)
    - StackArMutated4944 (TrueReturnsMutator: Se reemplazó false por true en la línea 82.)
    - StackArMutated8627 (MathMutator: Se reemplazó + por - en la línea 65.)
    - StackArMutated7457 (TrueConditionalsMutator: Se reemplazó == por true en la línea 74.)
    - StackArMutated8866 (ConditionalsBoundaryMutator: Se reemplazó <= por < en la línea 90.)
    - StackArMutated1272 (FalseConditionalsMutator: Se reemplazó != por false en la línea 81.)
    - StackArMutated9634 (FalseReturnsMutator: Se reemplazó size() == elems.length por false en la línea 33.)
    - StackArMutated9676 (MathMutator: Se reemplazó * por / en la línea 66.)
    - StackArMutated8543 (OneConstantMutator: Se reemplazó 0 por 1 en la línea 90.)
    - StackArMutated695 (OneConstantMutator: Se reemplazó 0 por 1 en la línea 91.)
    - StackArMutated9044 (NullReturnsMutator: Se reemplazó rv por null en la línea 58.)
    - StackArMutated7188 (ConditionalsBoundaryMutator: Se reemplazó < por <= en la línea 18.)
    - StackArMutated9163 (TrueReturnsMutator: Se reemplazó false por true en la línea 80.)
    - StackArMutated1346 (NegateConditionsMutator: Se reemplazó == por != en la línea 72.)
    - StackArMutated3725 (ZeroConstantMutator: Se reemplazó 31 por 0 en la línea 63.)
    - StackArMutated825 (TrueReturnsMutator: Se reemplazó false por true en la línea 77.)
    - StackArMutated4853 (MathMutator: Se reemplazó + por - en la línea 66.)
    - StackArMutated9785 (MathMutator: Se reemplazó * por / en la línea 65.)
    - StackArMutated5102 (FalseReturnsMutator: Se reemplazó true por false en la línea 83.)
    - StackArMutated9398 (TrueReturnsMutator: Se reemplazó true por true en la línea 73.)
    - StackArMutated7054 (IncrementsMutator: Se reemplazó -- por ++ en la línea 49.)
    - StackArMutated6161 (TrueReturnsMutator: Se reemplazó size() == 0 por true en la línea 29.)
    - StackArMutated186 (FalseReturnsMutator: Se reemplazó false por false en la línea 75.)
-> Mutation score: 22%
]]></system-out>
  <system-err><![CDATA[[Test worker] INFO org.reflections.Reflections - Reflections took 88 ms to scan 1 urls, producing 1 keys and 70 values
]]></system-err>
</testsuite>
